undefined GET /api/blogss function getStatusToken (req, res) {
  return headersSent(res)
    ? String(res.statusCode)
    : undefined
} (req, res) => res.locals.errorMessage || '' Wed Jun 11 2025 17:06:52 GMT+0300 (East Africa Time)
remote-addr - GET /api/blogss function getStatusToken (req, res) {
  return headersSent(res)
    ? String(res.statusCode)
    : undefined
} (req, res) => res.locals.errorMessage || '' Wed Jun 11 2025 19:04:25 GMT+0300 (East Africa Time)
remote-addr - GET /blogs 200 undefined ms Thunder Client (https://www.thunderclient.com) Wed Jun 11 2025 19:06:45 GMT+0300 (East Africa Time)
remote-addr - GET /api/blogss function getStatusToken (req, res) {
  return headersSent(res)
    ? String(res.statusCode)
    : undefined
} (req, res) => res.locals.errorMessage || '' Wed Jun 11 2025 19:06:59 GMT+0300 (East Africa Time)
remote-addr - GET /blogs 200 undefined ms Thunder Client (https://www.thunderclient.com) Wed Jun 11 2025 19:52:18 GMT+0300 (East Africa Time)
remote-addr - GET /api/blogss function getStatusToken (req, res) {
  return headersSent(res)
    ? String(res.statusCode)
    : undefined
} (req, res) => res.locals.errorMessage || '' Wed Jun 11 2025 19:53:17 GMT+0300 (East Africa Time)
remote-addr - POST /api/blogs function getStatusToken (req, res) {
  return headersSent(res)
    ? String(res.statusCode)
    : undefined
} (req, res) => res.locals.errorMessage || '' Wed Jun 11 2025 19:54:41 GMT+0300 (East Africa Time)
remote-addr - GET /api/blogs 200 48.298 ms Thunder Client (https://www.thunderclient.com) Wed, 11 Jun 2025 17:09:49 GMT
remote-addr - POST /api/blogs 400 4.576 ms Thunder Client (https://www.thunderclient.com)  Wed, 11 Jun 2025 17:09:55 GMT -error-message: "body.title" must be a string
remote-addr - GET /api/blogs 500 32.315 ms Thunder Client (https://www.thunderclient.com)  Wed, 11 Jun 2025 18:45:17 GMT -error-message: Invalid status code: undefined. Status code must be an integer.
remote-addr - GET /api/blogs 500 55.662 ms Thunder Client (https://www.thunderclient.com)  Wed, 11 Jun 2025 18:46:22 GMT -error-message: Invalid status code: undefined. Status code must be an integer.
remote-addr - GET /api/blogs 500 37.869 ms Thunder Client (https://www.thunderclient.com)  Wed, 11 Jun 2025 18:49:39 GMT -error-message: Invalid status code: undefined. Status code must be an integer.
remote-addr - GET /api/blogs 500 21.122 ms Thunder Client (https://www.thunderclient.com)  Wed, 11 Jun 2025 18:50:25 GMT -error-message: Invalid status code: undefined. Status code must be an integer.
remote-addr - GET /api/blogs 500 23.706 ms Thunder Client (https://www.thunderclient.com)  Wed, 11 Jun 2025 18:58:02 GMT -error-message: Invalid status code: undefined. Status code must be an integer.
remote-addr - GET /api/blogs 500 34.234 ms Thunder Client (https://www.thunderclient.com)  Thu, 12 Jun 2025 03:33:37 GMT -error-message: Invalid status code: undefined. Status code must be an integer.
remote-addr - GET /api/blogs 500 19.730 ms Thunder Client (https://www.thunderclient.com)  Thu, 12 Jun 2025 03:34:59 GMT -error-message: Invalid status code: undefined. Status code must be an integer.
remote-addr - GET /api/blogs 500 17.936 ms Thunder Client (https://www.thunderclient.com)  Thu, 12 Jun 2025 03:35:32 GMT -error-message: blogs is not defined
remote-addr - GET /api/blogss 404 40.380 ms Thunder Client (https://www.thunderclient.com)  Thu, 12 Jun 2025 03:55:26 GMT -error-message: Not found
remote-addr - GET /api/blogs 200 34.394 ms Thunder Client (https://www.thunderclient.com) Thu, 12 Jun 2025 04:00:05 GMT
remote-addr - GET /api/blogs 200 20.536 ms Thunder Client (https://www.thunderclient.com) Thu, 12 Jun 2025 04:00:39 GMT
remote-addr - GET /api/blogs 200 23.002 ms Thunder Client (https://www.thunderclient.com) Thu, 12 Jun 2025 04:01:42 GMT
remote-addr - POST /api/auth/login 404 129.910 ms Thunder Client (https://www.thunderclient.com)  Thu, 12 Jun 2025 12:17:54 GMT -error-message: Not found
remote-addr - POST /api/auth/signup 404 2.897 ms Thunder Client (https://www.thunderclient.com)  Thu, 12 Jun 2025 12:19:16 GMT -error-message: Not found
remote-addr - POST /api/auth/signup 404 4.370 ms Thunder Client (https://www.thunderclient.com)  Thu, 12 Jun 2025 12:20:23 GMT -error-message: Not found
remote-addr - POST /api/auth/signup 404 7.107 ms Thunder Client (https://www.thunderclient.com)  Thu, 12 Jun 2025 12:21:43 GMT -error-message: Not found
remote-addr - POST /api/auth/signup 404 11.363 ms Thunder Client (https://www.thunderclient.com)  Thu, 12 Jun 2025 12:39:13 GMT -error-message: Not found
remote-addr - POST /api/auth/signup 400 50.740 ms Thunder Client (https://www.thunderclient.com)  Thu, 12 Jun 2025 13:02:40 GMT -error-message: -
remote-addr - POST /api/auth/signup 400 279.632 ms Thunder Client (https://www.thunderclient.com)  Thu, 12 Jun 2025 13:07:45 GMT -error-message: -
remote-addr - POST /api/auth/signup 400 60.077 ms Thunder Client (https://www.thunderclient.com)  Thu, 12 Jun 2025 13:10:28 GMT -error-message: -
remote-addr - POST /api/auth/signup 400 180.063 ms Thunder Client (https://www.thunderclient.com)  Thu, 12 Jun 2025 13:10:37 GMT -error-message: -
remote-addr - POST /api/auth/signup 400 64.962 ms Thunder Client (https://www.thunderclient.com)  Thu, 12 Jun 2025 13:12:08 GMT -error-message: -
remote-addr - POST /api/auth/signup 400 1871.564 ms Thunder Client (https://www.thunderclient.com)  Thu, 12 Jun 2025 13:12:15 GMT -error-message: -
remote-addr - POST /api/auth/signup 400 37.095 ms Thunder Client (https://www.thunderclient.com)  Thu, 12 Jun 2025 13:17:20 GMT -error-message: -
remote-addr - POST /api/auth/signup 201 33381.512 ms Thunder Client (https://www.thunderclient.com) Thu, 12 Jun 2025 13:18:04 GMT
remote-addr - POST /api/auth/signup 201 3082.591 ms Thunder Client (https://www.thunderclient.com) Thu, 12 Jun 2025 13:19:29 GMT
remote-addr - POST /api/auth/verify-email 400 35.787 ms Thunder Client (https://www.thunderclient.com)  Thu, 12 Jun 2025 13:20:55 GMT -error-message: "body.email" is not allowed
remote-addr - POST /api/auth/verify-email 500 15117.187 ms Thunder Client (https://www.thunderclient.com)  Thu, 12 Jun 2025 13:21:20 GMT -error-message: -
remote-addr - POST /api/auth/verify-email 400 10.552 ms Thunder Client (https://www.thunderclient.com)  Thu, 12 Jun 2025 13:21:43 GMT -error-message: -
remote-addr - POST /api/auth/forgot-password 400 31265.894 ms Thunder Client (https://www.thunderclient.com)  Thu, 12 Jun 2025 13:23:55 GMT -error-message: -
remote-addr - POST /api/auth/forgot-password 200 2582.075 ms Thunder Client (https://www.thunderclient.com) Thu, 12 Jun 2025 13:25:55 GMT
remote-addr - POST /api/auth/reset-password/fde12050c31939aac99113133b6efa78f102a093 400 38.502 ms Thunder Client (https://www.thunderclient.com)  Thu, 12 Jun 2025 13:27:18 GMT -error-message: "body.password" length must be at least 6 characters long
remote-addr - POST /api/auth/reset-password/fde12050c31939aac99113133b6efa78f102a093 200 2939.794 ms Thunder Client (https://www.thunderclient.com) Thu, 12 Jun 2025 13:27:29 GMT
remote-addr - POST /api/auth/login 500 28.371 ms Thunder Client (https://www.thunderclient.com)  Thu, 12 Jun 2025 13:27:55 GMT -error-message: Expected ',' or '}' after property value in JSON at position 69
remote-addr - POST /api/auth/login 400 4.740 ms Thunder Client (https://www.thunderclient.com)  Thu, 12 Jun 2025 13:28:18 GMT -error-message: "body.password" length must be at least 6 characters long
remote-addr - POST /api/auth/login 200 149.340 ms Thunder Client (https://www.thunderclient.com) Thu, 12 Jun 2025 13:28:23 GMT
remote-addr - POST /api/auth/login 200 233.364 ms Thunder Client (https://www.thunderclient.com) Thu, 12 Jun 2025 16:01:36 GMT
remote-addr - POST /api/auth/login 200 215.588 ms Thunder Client (https://www.thunderclient.com) Thu, 12 Jun 2025 16:11:45 GMT
remote-addr - POST /api/auth 404 64.603 ms Thunder Client (https://www.thunderclient.com)  Sun, 15 Jun 2025 18:34:48 GMT -error-message: Not found
remote-addr - POST /api/auth/signup 400 29.041 ms Thunder Client (https://www.thunderclient.com)  Sun, 15 Jun 2025 18:35:46 GMT -error-message: "body.name" is required
remote-addr - POST /api/auth/signup 500 5259.708 ms Thunder Client (https://www.thunderclient.com)  Sun, 15 Jun 2025 18:42:10 GMT -error-message: Invalid status code: undefined. Status code must be an integer.
remote-addr - POST /api/auth/signup 500 49.768 ms Thunder Client (https://www.thunderclient.com)  Sun, 15 Jun 2025 18:43:23 GMT -error-message: User already exists
remote-addr - POST /api/auth/verify-email 400 111.407 ms Thunder Client (https://www.thunderclient.com)  Sun, 15 Jun 2025 18:47:16 GMT -error-message: "body.verificationToken" is required
remote-addr - POST /api/auth/verify-email 200 4252.481 ms Thunder Client (https://www.thunderclient.com) Sun, 15 Jun 2025 18:51:13 GMT
remote-addr - POST /api/auth/login 400 33.004 ms Thunder Client (https://www.thunderclient.com)  Sun, 15 Jun 2025 21:18:36 GMT -error-message: "body.first_name" is not allowed
remote-addr - POST /api/auth/login 400 4.556 ms Thunder Client (https://www.thunderclient.com)  Sun, 15 Jun 2025 21:18:59 GMT -error-message: "body.first_name" is not allowed
remote-addr - POST /api/auth/login 500 257.781 ms Thunder Client (https://www.thunderclient.com)  Sun, 15 Jun 2025 21:24:05 GMT -error-message: Invalid credentials
remote-addr - POST /api/auth/login 500 122.780 ms Thunder Client (https://www.thunderclient.com)  Sun, 15 Jun 2025 21:25:24 GMT -error-message: Invalid credentials
remote-addr - POST /api/auth/login 500 240.598 ms Thunder Client (https://www.thunderclient.com)  Sun, 15 Jun 2025 21:28:13 GMT -error-message: Invalid credentials
remote-addr - POST /api/auth/forgot-password 200 3366.550 ms Thunder Client (https://www.thunderclient.com) Sun, 15 Jun 2025 21:28:49 GMT
remote-addr - POST /api/auth/reset-password/d0de8c40178f3014c7ae98d8e97a254fac20ed77 400 22.477 ms Thunder Client (https://www.thunderclient.com)  Sun, 15 Jun 2025 21:30:11 GMT -error-message: "body.password" is required
remote-addr - POST /api/auth/reset-password/d0de8c40178f3014c7ae98d8e97a254fac20ed77 200 3170.837 ms Thunder Client (https://www.thunderclient.com) Sun, 15 Jun 2025 21:31:54 GMT
remote-addr - POST /api/auth/login 500 123.614 ms Thunder Client (https://www.thunderclient.com)  Sun, 15 Jun 2025 21:32:06 GMT -error-message: Invalid credentials
remote-addr - POST /api/auth/login 500 169.234 ms Thunder Client (https://www.thunderclient.com)  Sun, 15 Jun 2025 21:33:50 GMT -error-message: Invalid credentials
remote-addr - POST /api/auth/login 500 352.151 ms Thunder Client (https://www.thunderclient.com)  Sun, 15 Jun 2025 21:34:16 GMT -error-message: Invalid credentials
remote-addr - POST /api/auth/login 500 42.653 ms Thunder Client (https://www.thunderclient.com)  Sun, 15 Jun 2025 21:35:22 GMT -error-message: $2b$10$UdvyYf is not defined
remote-addr - POST /api/auth/login 500 158.129 ms Thunder Client (https://www.thunderclient.com)  Sun, 15 Jun 2025 21:36:19 GMT -error-message: Invalid credentials
remote-addr - POST /api/auth/login 500 176.472 ms Thunder Client (https://www.thunderclient.com)  Sun, 15 Jun 2025 21:40:17 GMT -error-message: Invalid credentials
remote-addr - POST /api/auth/login 500 281.989 ms Thunder Client (https://www.thunderclient.com)  Sun, 15 Jun 2025 21:44:23 GMT -error-message: Invalid credentials
remote-addr - POST /api/auth/login 500 324.108 ms Thunder Client (https://www.thunderclient.com)  Sun, 15 Jun 2025 21:45:37 GMT -error-message: Invalid credentials
remote-addr - POST /api/auth/login 500 135.008 ms Thunder Client (https://www.thunderclient.com)  Sun, 15 Jun 2025 21:51:23 GMT -error-message: Invalid credentials
remote-addr - POST /api/auth/login 500 108.138 ms Thunder Client (https://www.thunderclient.com)  Sun, 15 Jun 2025 21:52:44 GMT -error-message: Invalid credentials
remote-addr - POST /api/auth/forgot-password 400 9.209 ms Thunder Client (https://www.thunderclient.com)  Sun, 15 Jun 2025 21:56:15 GMT -error-message: "body.password" is not allowed
remote-addr - POST /api/auth/forgot-password 200 2786.504 ms Thunder Client (https://www.thunderclient.com) Sun, 15 Jun 2025 21:56:27 GMT
remote-addr - POST /api/auth/reset-password/5cbf24d3c5072fa76f58d8d50a50f968b20ab529 200 5203.419 ms Thunder Client (https://www.thunderclient.com) Sun, 15 Jun 2025 22:00:39 GMT
remote-addr - POST /api/auth/login 500 213.478 ms Thunder Client (https://www.thunderclient.com)  Sun, 15 Jun 2025 22:01:34 GMT -error-message: Invalid credentials
remote-addr - POST /api/auth/forgot-password 200 5087.520 ms Thunder Client (https://www.thunderclient.com) Sun, 15 Jun 2025 22:05:30 GMT
remote-addr - POST /api/auth/reset-password/b060f04ce78f4645091ee1ceccdbfcdbfde3bbe1 200 4918.144 ms Thunder Client (https://www.thunderclient.com) Sun, 15 Jun 2025 22:07:22 GMT
remote-addr - POST /api/auth/login 500 185.741 ms Thunder Client (https://www.thunderclient.com)  Sun, 15 Jun 2025 22:07:38 GMT -error-message: Invalid credentials
remote-addr - POST /api/auth/forgot-password 200 2954.054 ms Thunder Client (https://www.thunderclient.com) Mon, 16 Jun 2025 06:52:20 GMT
remote-addr - POST /api/auth/reset-password/eb9bcfaf52bdfdf928e1d8bca6fa69d7f3c5b50e 200 2907.111 ms Thunder Client (https://www.thunderclient.com) Mon, 16 Jun 2025 06:53:09 GMT
remote-addr - POST /api/auth/login 500 111.746 ms Thunder Client (https://www.thunderclient.com)  Mon, 16 Jun 2025 06:53:57 GMT -error-message: Invalid credentials
remote-addr - POST /api/auth/forgot-password 200 3749.209 ms Thunder Client (https://www.thunderclient.com) Mon, 16 Jun 2025 07:06:10 GMT
remote-addr - POST /api/auth/reset-password/48d9c095a0da470ebf8ecd4cf13fcc7f94d0d098 200 4122.649 ms Thunder Client (https://www.thunderclient.com) Mon, 16 Jun 2025 07:07:05 GMT
remote-addr - POST /api/auth/forgot-password 500 21207.902 ms Thunder Client (https://www.thunderclient.com)  Mon, 16 Jun 2025 07:08:16 GMT -error-message: Error sending password reset email: Error: connect ETIMEDOUT 64.233.166.109:465
remote-addr - POST /api/auth/forgot-password 500 21095.996 ms Thunder Client (https://www.thunderclient.com)  Mon, 16 Jun 2025 07:09:36 GMT -error-message: Error sending password reset email: Error: connect ETIMEDOUT 64.233.166.109:465
remote-addr - POST /api/auth/signup 500 3209.233 ms Thunder Client (https://www.thunderclient.com)  Mon, 16 Jun 2025 07:09:52 GMT -error-message: Invalid status code: undefined. Status code must be an integer.
remote-addr - POST /api/auth/verify-email 200 3951.688 ms Thunder Client (https://www.thunderclient.com) Mon, 16 Jun 2025 07:11:45 GMT
remote-addr - POST /api/auth/login 500 112.707 ms Thunder Client (https://www.thunderclient.com)  Mon, 16 Jun 2025 07:12:02 GMT -error-message: Invalid credentials
remote-addr - POST /api/auth/signup 500 2736.308 ms Thunder Client (https://www.thunderclient.com)  Mon, 16 Jun 2025 07:44:52 GMT -error-message: Invalid status code: undefined. Status code must be an integer.
remote-addr - POST /api/auth/signup 500 1969.360 ms Thunder Client (https://www.thunderclient.com)  Mon, 16 Jun 2025 07:45:03 GMT -error-message: Invalid status code: undefined. Status code must be an integer.
remote-addr - POST /api/auth/signup 201 3349.100 ms Thunder Client (https://www.thunderclient.com) Mon, 16 Jun 2025 07:45:31 GMT
remote-addr - POST /api/auth/signup 201 2475.103 ms Thunder Client (https://www.thunderclient.com) Mon, 16 Jun 2025 07:52:27 GMT
remote-addr - POST /api/auth/signup 201 2533.264 ms Thunder Client (https://www.thunderclient.com) Mon, 16 Jun 2025 07:58:38 GMT
remote-addr - POST /api/auth/verify-email 200 1853.771 ms Thunder Client (https://www.thunderclient.com) Mon, 16 Jun 2025 07:59:40 GMT
remote-addr - POST /api/auth/login 200 148.995 ms Thunder Client (https://www.thunderclient.com) Mon, 16 Jun 2025 08:00:08 GMT
remote-addr - POST /api/auth/logout 200 30.183 ms Thunder Client (https://www.thunderclient.com) Mon, 16 Jun 2025 08:01:22 GMT
remote-addr - POST /api/auth/login 200 385.987 ms Thunder Client (https://www.thunderclient.com) Mon, 16 Jun 2025 08:39:15 GMT
remote-addr - POST /api/product/ 500 270.340 ms Thunder Client (https://www.thunderclient.com)  Mon, 16 Jun 2025 08:43:48 GMT -error-message: Product is not a constructor
remote-addr - POST /api/product/ 401 25.689 ms Thunder Client (https://www.thunderclient.com)  Mon, 16 Jun 2025 08:57:42 GMT -error-message: -
remote-addr - POST /api/auth/login 200 120.625 ms Thunder Client (https://www.thunderclient.com) Mon, 16 Jun 2025 08:57:51 GMT
remote-addr - POST /api/product 500 34.982 ms Thunder Client (https://www.thunderclient.com)  Mon, 16 Jun 2025 08:58:02 GMT -error-message: Invalid status code: undefined. Status code must be an integer.
remote-addr - POST /api/product 201 69.298 ms Thunder Client (https://www.thunderclient.com) Mon, 16 Jun 2025 08:59:18 GMT
remote-addr - POST /api/product 201 14.369 ms Thunder Client (https://www.thunderclient.com) Mon, 16 Jun 2025 08:59:31 GMT
remote-addr - GET /api/product 200 21.333 ms Thunder Client (https://www.thunderclient.com) Mon, 16 Jun 2025 09:00:40 GMT
remote-addr - POST /api/product/684fdc9ad98d056e19a5b7d2 404 13.923 ms Thunder Client (https://www.thunderclient.com)  Mon, 16 Jun 2025 09:01:34 GMT -error-message: Not found
remote-addr - POST /api/product/684fdc9ad98d056e19a5b7d2 404 2.765 ms Thunder Client (https://www.thunderclient.com)  Mon, 16 Jun 2025 09:01:43 GMT -error-message: Not found
remote-addr - PATCH /api/product/684fdc9ad98d056e19a5b7d2 200 27.007 ms Thunder Client (https://www.thunderclient.com) Mon, 16 Jun 2025 09:02:41 GMT
remote-addr - PATCH /api/product/684fdc9ad98d056e19a5b7d2 200 65.509 ms Thunder Client (https://www.thunderclient.com) Mon, 16 Jun 2025 09:05:29 GMT
remote-addr - PATCH /api/product/featured/684fdc9ad98d056e19a5b7d2 200 23.954 ms Thunder Client (https://www.thunderclient.com) Mon, 16 Jun 2025 09:05:54 GMT
remote-addr - PATCH /api/product/featured/684fdc9ad98d056e19a5b7d2 200 14.530 ms Thunder Client (https://www.thunderclient.com) Mon, 16 Jun 2025 09:06:17 GMT
remote-addr - DELETE /api/product/684fdc9ad98d056e19a5b7d2 200 17.263 ms Thunder Client (https://www.thunderclient.com) Mon, 16 Jun 2025 09:06:27 GMT
remote-addr - GET /api/product/featured 500 11.480 ms Thunder Client (https://www.thunderclient.com)  Mon, 16 Jun 2025 09:06:49 GMT -error-message: Invalid status code: undefined. Status code must be an integer.
remote-addr - GET /api/product/featured 404 34.876 ms Thunder Client (https://www.thunderclient.com)  Mon, 16 Jun 2025 09:07:26 GMT -error-message: -
remote-addr - GET /api/product/featured 200 9.131 ms Thunder Client (https://www.thunderclient.com) Mon, 16 Jun 2025 09:07:54 GMT
remote-addr - GET /api/product/recommended 200 9.260 ms Thunder Client (https://www.thunderclient.com) Mon, 16 Jun 2025 09:08:11 GMT
remote-addr - POST /api/auth/login 200 269.688 ms Thunder Client (https://www.thunderclient.com) Mon, 16 Jun 2025 09:29:06 GMT
remote-addr - POST /api/cart/ 400 65.980 ms Thunder Client (https://www.thunderclient.com)  Mon, 16 Jun 2025 09:33:38 GMT -error-message: "body.productId" is required
remote-addr - POST /api/cart/ 400 9.910 ms Thunder Client (https://www.thunderclient.com)  Mon, 16 Jun 2025 09:34:08 GMT -error-message: "body.productId" is required
remote-addr - POST /api/cart/ 400 12.768 ms Thunder Client (https://www.thunderclient.com)  Mon, 16 Jun 2025 09:34:41 GMT -error-message: "body.quantity" is not allowed
remote-addr - POST /api/cart/ 400 10.996 ms Thunder Client (https://www.thunderclient.com)  Mon, 16 Jun 2025 09:35:19 GMT -error-message: "body.quantity" is not allowed
remote-addr - POST /api/cart/ 200 51.136 ms Thunder Client (https://www.thunderclient.com) Mon, 16 Jun 2025 09:35:39 GMT
remote-addr - POST /api/cart/ 200 30.008 ms Thunder Client (https://www.thunderclient.com) Mon, 16 Jun 2025 09:35:41 GMT
remote-addr - POST /api/cart/ 200 16.563 ms Thunder Client (https://www.thunderclient.com) Mon, 16 Jun 2025 09:35:42 GMT
remote-addr - GET /api/cart/ 200 52.990 ms Thunder Client (https://www.thunderclient.com) Mon, 16 Jun 2025 09:37:02 GMT
remote-addr - PATCH /api/cart/684fe56b8bf1c3a09b7b84e1 500 26.362 ms Thunder Client (https://www.thunderclient.com)  Mon, 16 Jun 2025 09:38:34 GMT -error-message: Product not found in cart
remote-addr - GET /api/cart/ 401 11.467 ms Thunder Client (https://www.thunderclient.com)  Mon, 16 Jun 2025 11:23:50 GMT -error-message: -
remote-addr - GET /api/auth/login 404 48.369 ms Thunder Client (https://www.thunderclient.com)  Mon, 16 Jun 2025 11:24:07 GMT -error-message: Not found
remote-addr - POST /api/auth/login 200 320.924 ms Thunder Client (https://www.thunderclient.com) Mon, 16 Jun 2025 11:24:10 GMT
remote-addr - GET /api/cart 200 71.306 ms Thunder Client (https://www.thunderclient.com) Mon, 16 Jun 2025 11:24:24 GMT
remote-addr - PATCH /api/cart/684fdcf3d0f6624581dda337 200 56.480 ms Thunder Client (https://www.thunderclient.com) Mon, 16 Jun 2025 11:28:19 GMT
remote-addr - PATCH /api/cart/684fdcf3d0f6624581dda337 200 28.828 ms Thunder Client (https://www.thunderclient.com) Mon, 16 Jun 2025 11:28:27 GMT
remote-addr - POST /api/auth/login 200 269.614 ms Thunder Client (https://www.thunderclient.com) Mon, 16 Jun 2025 11:52:30 GMT
remote-addr - POST /api/payment/create-checkout-session 500 114.628 ms Thunder Client (https://www.thunderclient.com)  Mon, 16 Jun 2025 12:00:41 GMT -error-message: Cannot read properties of undefined (reading 'email')
remote-addr - POST /api/payment/create-checkout-session 500 109.139 ms Thunder Client (https://www.thunderclient.com)  Mon, 16 Jun 2025 12:02:42 GMT -error-message: req is not defined
remote-addr - POST /api/payment/create-checkout-session 500 91.236 ms Thunder Client (https://www.thunderclient.com)  Mon, 16 Jun 2025 12:06:09 GMT -error-message: Cannot read properties of undefined (reading 'email')
remote-addr - POST /api/payment/create-checkout-session 401 40.789 ms Thunder Client (https://www.thunderclient.com)  Mon, 16 Jun 2025 12:09:18 GMT -error-message: -
remote-addr - POST /api/auth/login 200 272.462 ms Thunder Client (https://www.thunderclient.com) Mon, 16 Jun 2025 12:10:00 GMT
remote-addr - POST /api/payment/create-checkout-session 500 56.469 ms Thunder Client (https://www.thunderclient.com)  Mon, 16 Jun 2025 12:10:14 GMT -error-message: Cannot read properties of undefined (reading 'email')
remote-addr - POST /api/payment/create-checkout-session 500 1556.378 ms Thunder Client (https://www.thunderclient.com)  Mon, 16 Jun 2025 12:13:14 GMT -error-message: Invalid status code: undefined. Status code must be an integer.
remote-addr - POST /api/payment/create-checkout-session 500 1504.808 ms Thunder Client (https://www.thunderclient.com)  Mon, 16 Jun 2025 12:13:38 GMT -error-message: Invalid status code: undefined. Status code must be an integer.
remote-addr - POST /api/payment/create-checkout-session 200 2523.706 ms Thunder Client (https://www.thunderclient.com) Mon, 16 Jun 2025 12:14:03 GMT
remote-addr - POST /api/payment/create-checkout-session 200 980.051 ms Thunder Client (https://www.thunderclient.com) Mon, 16 Jun 2025 12:14:56 GMT
remote-addr - POST /api/payment/checkout-success 400 18.547 ms Thunder Client (https://www.thunderclient.com)  Mon, 16 Jun 2025 12:15:53 GMT -error-message: "body.tx_ref" is required
remote-addr - POST /api/payment/checkout-success 400 16.819 ms Thunder Client (https://www.thunderclient.com)  Mon, 16 Jun 2025 12:16:28 GMT -error-message: "body.cartId" is required
remote-addr - POST /api/payment/checkout-success 500 1552.772 ms Thunder Client (https://www.thunderclient.com)  Mon, 16 Jun 2025 12:16:48 GMT -error-message: Invalid status code: undefined. Status code must be an integer.
remote-addr - POST /api/payment/checkout-success 200 2095.428 ms Thunder Client (https://www.thunderclient.com) Mon, 16 Jun 2025 12:19:36 GMT
